<?xml version="1.0" encoding="UTF-8"?>
<!-- Generated by org.testng.reporters.JUnitXMLReporter -->
<testsuite ignored="0" hostname="macs-MacBook-Air.local" failures="1" tests="2" name="Login Tests" time="7.936" errors="0" timestamp="2026-02-20T10:10:34 IST">
  <testcase classname="com.salesforce.tests.ValidLoginTest" name="validLogin" time="0.154">
    <failure type="java.lang.AssertionError" message="Login was not successful did not expect [Login | Salesforce] but found [Login | Salesforce]">
      <![CDATA[java.lang.AssertionError: Login was not successful did not expect [Login | Salesforce] but found [Login | Salesforce]
at com.salesforce.tests.ValidLoginTest.validLogin(ValidLoginTest.java:16)
at java.base/java.util.ArrayList.forEach(ArrayList.java:1604)
... Removed 33 stack frames]]>
    </failure>
  </testcase> <!-- validLogin -->
  <testcase classname="com.salesforce.tests.InvalidLoginTest" name="invalidLogin" time="0.38"/>
</testsuite> <!-- Login Tests -->
