<?xml version="1.0" encoding="UTF-8"?>
<testng-results ignored="0" total="2" passed="1" failed="1" skipped="0">
  <reporter-output>
  </reporter-output>
  <suite started-at="2026-02-20T10:10:26 IST" name="Salesforce Automation Suite" finished-at="2026-02-20T10:10:34 IST" duration-ms="7936">
    <groups>
    </groups>
    <test started-at="2026-02-20T10:10:26 IST" name="Login Tests" finished-at="2026-02-20T10:10:34 IST" duration-ms="7936">
      <class name="com.salesforce.tests.InvalidLoginTest">
        <test-method is-config="true" signature="setUp()[pri:0, instance:com.salesforce.tests.InvalidLoginTest@318ba8c8]" started-at="2026-02-20T10:10:31 IST" name="setUp" finished-at="2026-02-20T10:10:33 IST" duration-ms="2437" status="PASS">
          <reporter-output>
          </reporter-output>
        </test-method> <!-- setUp -->
        <test-method signature="invalidLogin()[pri:0, instance:com.salesforce.tests.InvalidLoginTest@318ba8c8]" started-at="2026-02-20T10:10:33 IST" name="invalidLogin" finished-at="2026-02-20T10:10:33 IST" duration-ms="380" status="PASS">
          <reporter-output>
          </reporter-output>
        </test-method> <!-- invalidLogin -->
        <test-method is-config="true" signature="tearDown()[pri:0, instance:com.salesforce.tests.InvalidLoginTest@318ba8c8]" started-at="2026-02-20T10:10:33 IST" name="tearDown" finished-at="2026-02-20T10:10:34 IST" duration-ms="83" status="PASS">
          <reporter-output>
          </reporter-output>
        </test-method> <!-- tearDown -->
      </class> <!-- com.salesforce.tests.InvalidLoginTest -->
      <class name="com.salesforce.tests.ValidLoginTest">
        <test-method is-config="true" signature="setUp()[pri:0, instance:com.salesforce.tests.ValidLoginTest@23529fee]" started-at="2026-02-20T10:10:26 IST" name="setUp" finished-at="2026-02-20T10:10:30 IST" duration-ms="4787" status="PASS">
          <reporter-output>
          </reporter-output>
        </test-method> <!-- setUp -->
        <test-method signature="validLogin()[pri:0, instance:com.salesforce.tests.ValidLoginTest@23529fee]" started-at="2026-02-20T10:10:30 IST" name="validLogin" finished-at="2026-02-20T10:10:31 IST" duration-ms="154" status="FAIL">
          <exception class="java.lang.AssertionError">
            <message>
              <![CDATA[Login was not successful did not expect [Login | Salesforce] but found [Login | Salesforce]]]>
            </message>
            <full-stacktrace>
              <![CDATA[java.lang.AssertionError: Login was not successful did not expect [Login | Salesforce] but found [Login | Salesforce]
at org.testng.Assert.fail(Assert.java:111)
at org.testng.Assert.failEquals(Assert.java:1582)
at org.testng.Assert.assertNotEqualsImpl(Assert.java:157)
at org.testng.Assert.assertNotEquals(Assert.java:2201)
at com.salesforce.tests.ValidLoginTest.validLogin(ValidLoginTest.java:16)
at java.base/jdk.internal.reflect.DirectMethodHandleAccessor.invoke(DirectMethodHandleAccessor.java:104)
at java.base/java.lang.reflect.Method.invoke(Method.java:565)
at org.testng.internal.invokers.MethodInvocationHelper.invokeMethod(MethodInvocationHelper.java:141)
at org.testng.internal.invokers.TestInvoker.invokeMethod(TestInvoker.java:686)
at org.testng.internal.invokers.TestInvoker.invokeTestMethod(TestInvoker.java:230)
at org.testng.internal.invokers.MethodRunner.runInSequence(MethodRunner.java:63)
at org.testng.internal.invokers.TestInvoker$MethodInvocationAgent.invoke(TestInvoker.java:992)
at org.testng.internal.invokers.TestInvoker.invokeTestMethods(TestInvoker.java:203)
at org.testng.internal.invokers.TestMethodWorker.invokeTestMethods(TestMethodWorker.java:154)
at org.testng.internal.invokers.TestMethodWorker.run(TestMethodWorker.java:134)
at java.base/java.util.ArrayList.forEach(ArrayList.java:1604)
at org.testng.TestRunner.privateRun(TestRunner.java:739)
at org.testng.TestRunner.run(TestRunner.java:614)
at org.testng.SuiteRunner.runTest(SuiteRunner.java:421)
at org.testng.SuiteRunner.runSequentially(SuiteRunner.java:413)
at org.testng.SuiteRunner.privateRun(SuiteRunner.java:373)
at org.testng.SuiteRunner.run(SuiteRunner.java:312)
at org.testng.SuiteRunnerWorker.runSuite(SuiteRunnerWorker.java:52)
at org.testng.SuiteRunnerWorker.run(SuiteRunnerWorker.java:95)
at org.testng.TestNG.runSuitesSequentially(TestNG.java:1274)
at org.testng.TestNG.runSuitesLocally(TestNG.java:1208)
at org.testng.TestNG.runSuites(TestNG.java:1112)
at org.testng.TestNG.run(TestNG.java:1079)
at org.apache.maven.surefire.testng.TestNGExecutor.run(TestNGExecutor.java:308)
at org.apache.maven.surefire.testng.TestNGXmlTestSuite.execute(TestNGXmlTestSuite.java:71)
at org.apache.maven.surefire.testng.TestNGProvider.invoke(TestNGProvider.java:113)
at org.apache.maven.surefire.booter.ForkedBooter.runSuitesInProcess(ForkedBooter.java:385)
at org.apache.maven.surefire.booter.ForkedBooter.execute(ForkedBooter.java:162)
at org.apache.maven.surefire.booter.ForkedBooter.run(ForkedBooter.java:507)
at org.apache.maven.surefire.booter.ForkedBooter.main(ForkedBooter.java:495)
]]>
            </full-stacktrace>
          </exception> <!-- java.lang.AssertionError -->
          <reporter-output>
          </reporter-output>
        </test-method> <!-- validLogin -->
        <test-method is-config="true" signature="tearDown()[pri:0, instance:com.salesforce.tests.ValidLoginTest@23529fee]" started-at="2026-02-20T10:10:31 IST" name="tearDown" finished-at="2026-02-20T10:10:31 IST" duration-ms="85" status="PASS">
          <reporter-output>
          </reporter-output>
        </test-method> <!-- tearDown -->
      </class> <!-- com.salesforce.tests.ValidLoginTest -->
    </test> <!-- Login Tests -->
  </suite> <!-- Salesforce Automation Suite -->
</testng-results>
